<?xml version="1.0" encoding="UTF-8"?>
<!-- Generated by org.testng.reporters.JUnitReportReporter -->
<testsuite hostname="arunachalam-Satellite-C50-A422" failures="0" tests="1" name="datadrivenintro1.CorrectUsernameCorrectPassword" time="10.181" errors="0" timestamp="2022-10-27T08:16:54 IST" skipped="0">
  <testcase classname="datadrivenintro1.CorrectUsernameCorrectPassword" name="Login" time="10.181"/>
  <system-out/>
</testsuite> <!-- datadrivenintro1.CorrectUsernameCorrectPassword -->
