<?xml version="1.0" encoding="UTF-8"?>
<!-- Generated by org.testng.reporters.JUnitReportReporter -->
<testsuite hostname="arunachalam-Satellite-C50-A422" failures="0" tests="4" name="data_driven_framework3.LoginDataProvider" time="71.221" errors="0" timestamp="2022-10-27T08:12:47 IST" skipped="0">
  <testcase classname="data_driven_framework3.LoginDataProvider" name="Login" time="11.741"/>
  <system-out/>
  <testcase classname="data_driven_framework3.LoginDataProvider" name="Login" time="38.741"/>
  <system-out/>
  <testcase classname="data_driven_framework3.LoginDataProvider" name="Login" time="10.205"/>
  <system-out/>
  <testcase classname="data_driven_framework3.LoginDataProvider" name="Login" time="10.534"/>
  <system-out/>
</testsuite> <!-- data_driven_framework3.LoginDataProvider -->
