<?xml version="1.0" encoding="UTF-8"?>
<!-- Generated by org.testng.reporters.JUnitReportReporter -->
<testsuite hostname="arunachalam-Satellite-C50-A422" failures="0" tests="4" name="data_driven_framework4usingjxl.TestUsingJXL" time="65.264" errors="0" timestamp="2022-10-30T18:37:25 IST" skipped="0">
  <testcase classname="data_driven_framework4usingjxl.TestUsingJXL" name="Login" time="10.138"/>
  <system-out/>
  <testcase classname="data_driven_framework4usingjxl.TestUsingJXL" name="Login" time="10.381"/>
  <system-out/>
  <testcase classname="data_driven_framework4usingjxl.TestUsingJXL" name="Login" time="34.288"/>
  <system-out/>
  <testcase classname="data_driven_framework4usingjxl.TestUsingJXL" name="Login" time="10.457"/>
  <system-out/>
</testsuite> <!-- data_driven_framework4usingjxl.TestUsingJXL -->
