<?xml version="1.0" encoding="UTF-8"?>
<!-- Generated by org.testng.reporters.JUnitReportReporter -->
<testsuite hostname="arunachalam-Satellite-C50-A422" failures="0" tests="1" name="datadrivenintro1.WrongUsernameWrongPassword" time="11.441" errors="0" timestamp="2022-10-27T08:16:54 IST" skipped="0">
  <testcase classname="datadrivenintro1.WrongUsernameWrongPassword" name="Login" time="11.441"/>
  <system-out/>
</testsuite> <!-- datadrivenintro1.WrongUsernameWrongPassword -->
