<?xml version="1.0" encoding="UTF-8"?>
<!-- Generated by org.testng.reporters.JUnitReportReporter -->
<testsuite hostname="arunachalam-Satellite-C50-A422" failures="0" tests="1" name="data_driven_framework5POI.TestUsingPOI" time="42.036" errors="0" timestamp="2022-10-30T20:40:39 IST" skipped="0">
  <testcase classname="data_driven_framework5POI.TestUsingPOI" name="LoginTest" time="42.036"/>
  <system-out/>
</testsuite> <!-- data_driven_framework5POI.TestUsingPOI -->
