<?xml version="1.0" encoding="UTF-8"?>
<!-- Generated by org.testng.reporters.JUnitReportReporter -->
<testsuite hostname="arunachalam-Satellite-C50-A422" failures="0" tests="1" name="data_driven_framework2.CorrectUsernameWrongPassword" time="62.183" errors="0" timestamp="2022-10-26T23:10:55 IST" skipped="0">
  <testcase classname="data_driven_framework2.CorrectUsernameWrongPassword" name="Login" time="62.183"/>
  <system-out/>
</testsuite> <!-- data_driven_framework2.CorrectUsernameWrongPassword -->
