<?xml version="1.0" encoding="UTF-8"?>
<!-- Generated by org.testng.reporters.JUnitReportReporter -->
<testsuite hostname="arunachalam-Satellite-C50-A422" failures="0" tests="4" name="testng_handson.GroupingOfTestCases_7" time="0.016" errors="0" timestamp="2022-09-27T22:15:59 IST" skipped="0">
  <testcase classname="testng_handson.GroupingOfTestCases_7" name="apple1" time="0.010"/>
  <system-out/>
  <testcase classname="testng_handson.GroupingOfTestCases_7" name="apple2" time="0.002"/>
  <system-out/>
  <testcase classname="testng_handson.GroupingOfTestCases_7" name="moto1" time="0.002"/>
  <system-out/>
  <testcase classname="testng_handson.GroupingOfTestCases_7" name="moto2" time="0.002"/>
  <system-out/>
</testsuite> <!-- testng_handson.GroupingOfTestCases_7 -->
