<?xml version="1.0" encoding="UTF-8"?>
<!-- Generated by org.testng.reporters.JUnitReportReporter -->
<testsuite hostname="arunachalam-Satellite-C50-A422" failures="0" tests="5" name="testng_handson.WritingATestSuiteInAXML_6" time="0.013" errors="0" timestamp="2022-09-25T19:30:04 IST" skipped="0">
  <testcase classname="testng_handson.WritingATestSuiteInAXML_6" name="putNetural" time="0.007"/>
  <system-out/>
  <testcase classname="testng_handson.WritingATestSuiteInAXML_6" name="releaseHandBreak" time="0.002"/>
  <system-out/>
  <testcase classname="testng_handson.WritingATestSuiteInAXML_6" name="putReverse" time="0.001"/>
  <system-out/>
  <testcase classname="testng_handson.WritingATestSuiteInAXML_6" name="startCar" time="0.002"/>
  <system-out/>
  <testcase classname="testng_handson.WritingATestSuiteInAXML_6" name="putDriveMode" time="0.001"/>
  <system-out/>
</testsuite> <!-- testng_handson.WritingATestSuiteInAXML_6 -->
