<?xml version="1.0" encoding="UTF-8"?>
<!-- Generated by org.testng.reporters.JUnitReportReporter -->
<testsuite hostname="arunachalam-Satellite-C50-A422" failures="0" tests="3" name="testng_handson.HandleDependenciesTestcase_4" time="0.014" errors="0" timestamp="2022-09-16T23:28:57 IST" skipped="0">
  <testcase classname="testng_handson.HandleDependenciesTestcase_4" name="primaryHealthCheck" time="0.010"/>
  <system-out/>
  <testcase classname="testng_handson.HandleDependenciesTestcase_4" name="secondaryHealthCheck" time="0.002"/>
  <system-out/>
  <testcase classname="testng_handson.HandleDependenciesTestcase_4" name="engineStart" time="0.002"/>
  <system-out/>
</testsuite> <!-- testng_handson.HandleDependenciesTestcase_4 -->
