<?xml version="1.0" encoding="UTF-8"?>
<!-- Generated by org.testng.reporters.JUnitReportReporter -->
<testsuite hostname="arunachalam-Satellite-C50-A422" failures="0" tests="6" name="testng_handson.DriveACar" time="0.021" errors="0" timestamp="2022-09-10T19:48:50 IST" skipped="0">
  <testcase classname="testng_handson.DriveACar" name="healthCheck" time="0.009"/>
  <system-out/>
  <testcase classname="testng_handson.DriveACar" name="startCar" time="0.001"/>
  <system-out/>
  <testcase classname="testng_handson.DriveACar" name="putNetural" time="0.002"/>
  <system-out/>
  <testcase classname="testng_handson.DriveACar" name="put1stGear" time="0.001"/>
  <system-out/>
  <testcase classname="testng_handson.DriveACar" name="put2ndGear" time="0.002"/>
  <system-out/>
  <testcase classname="testng_handson.DriveACar" name="put3rdGear" time="0.006"/>
  <system-out/>
</testsuite> <!-- testng_handson.DriveACar -->
