<?xml version="1.0" encoding="UTF-8"?>
<!-- Generated by org.testng.reporters.JUnitReportReporter -->
<testsuite hostname="arunachalam-Satellite-C50-A422" failures="0" tests="1" name="testng_handson.SettingPriority_2" time="0.004" errors="0" timestamp="2022-09-10T19:48:50 IST" skipped="0">
  <testcase classname="testng_handson.SettingPriority_2" name="check" time="0.004"/>
  <system-out/>
</testsuite> <!-- testng_handson.SettingPriority_2 -->
