<?xml version="1.0" encoding="UTF-8"?>
<!-- Generated by org.testng.reporters.JUnitReportReporter -->
<testsuite hostname="arunachalam-Satellite-C50-A422" failures="0" tests="2" name="testng_handson.ListenerInTestNG12" time="0.009" errors="0" timestamp="2022-10-08T22:47:51 IST" skipped="1">
  <testcase classname="testng_handson.ListenerInTestNG12" name="actualTest" time="0.009"/>
  <system-out/>
  <testcase classname="testng_handson.ListenerInTestNG12" name="skipCase">
    <skipped/>
  </testcase> <!-- skipCase -->
  <system-out/>
</testsuite> <!-- testng_handson.ListenerInTestNG12 -->
