<?xml version="1.0" encoding="UTF-8"?>
<!-- Generated by org.testng.reporters.JUnitReportReporter -->
<testsuite hostname="arunachalam-Satellite-C50-A422" failures="0" tests="3" name="testng_handson.SampleTestCase_1" time="0.024" errors="0" timestamp="2022-09-10T19:38:45 IST" skipped="0">
  <testcase classname="testng_handson.SampleTestCase_1" name="firstTestcase" time="0.020"/>
  <system-out/>
  <testcase classname="testng_handson.SampleTestCase_1" name="secondTestcase" time="0.002"/>
  <system-out/>
  <testcase classname="testng_handson.SampleTestCase_1" name="thirdTestCase" time="0.002"/>
  <system-out/>
</testsuite> <!-- testng_handson.SampleTestCase_1 -->
