<?xml version="1.0" encoding="UTF-8"?>
<!-- Generated by org.testng.reporters.JUnitReportReporter -->
<testsuite hostname="arunachalam-Satellite-C50-A422" failures="0" tests="1" name="testng_handson.AnnotationAndOrderOfExecution10" time="0.011" errors="0" timestamp="2022-10-08T22:23:45 IST" skipped="0">
  <testcase classname="testng_handson.AnnotationAndOrderOfExecution10" name="f" time="0.011"/>
  <system-out/>
</testsuite> <!-- testng_handson.AnnotationAndOrderOfExecution10 -->
