<?xml version="1.0" encoding="UTF-8"?>
<!-- Generated by org.testng.reporters.JUnitReportReporter -->
<testsuite hostname="arunachalam-Satellite-C50-A422" failures="0" tests="2" name="testng_handson.ParameterizationinTestNG_8" time="0.013" errors="0" timestamp="2022-10-08T18:58:22 IST" skipped="0">
  <testcase classname="testng_handson.ParameterizationinTestNG_8" name="parameter1" time="0.012"/>
  <system-out/>
  <testcase classname="testng_handson.ParameterizationinTestNG_8" name="parameter1" time="0.001"/>
  <system-out/>
</testsuite> <!-- testng_handson.ParameterizationinTestNG_8 -->
