<?xml version="1.0" encoding="UTF-8"?>
<!-- Generated by org.testng.reporters.JUnitReportReporter -->
<testsuite hostname="arunachalam-Satellite-C50-A422" failures="0" tests="6" name="testng_handson.SkippingATestcase_3" time="0.019" errors="0" timestamp="2022-09-16T22:51:08 IST" skipped="1">
  <testcase classname="testng_handson.SkippingATestcase_3" name="secondaryHealthCheck" time="0.001"/>
  <system-out/>
  <testcase classname="testng_handson.SkippingATestcase_3" name="healthCheck" time="0.012"/>
  <system-out/>
  <testcase classname="testng_handson.SkippingATestcase_3" name="startEngine" time="0.002"/>
  <system-out/>
  <testcase classname="testng_handson.SkippingATestcase_3" name="put1stGear" time="0.002"/>
  <system-out/>
  <testcase classname="testng_handson.SkippingATestcase_3" name="put2ndGear" time="0.002"/>
  <system-out/>
  <testcase classname="testng_handson.SkippingATestcase_3" name="enableMusic">
    <skipped/>
  </testcase> <!-- enableMusic -->
  <system-out/>
</testsuite> <!-- testng_handson.SkippingATestcase_3 -->
