<?xml version="1.0" encoding="UTF-8"?>
<!-- Generated by org.testng.reporters.JUnitReportReporter -->
<testsuite hostname="arunachalam-Satellite-C50-A422" failures="0" tests="3" name="testng_handson.WritingATestSuite_5" time="9.842" errors="0" timestamp="2022-09-25T18:40:18 IST" skipped="0">
  <testcase classname="testng_handson.WritingATestSuite_5" name="openGoogle" time="4.297"/>
  <system-out/>
  <testcase classname="testng_handson.WritingATestSuite_5" name="openBing" time="2.954"/>
  <system-out/>
  <testcase classname="testng_handson.WritingATestSuite_5" name="openYahoo" time="2.591"/>
  <system-out/>
</testsuite> <!-- testng_handson.WritingATestSuite_5 -->
