<?xml version="1.0" encoding="UTF-8"?>
<!-- Generated by org.testng.reporters.JUnitReportReporter -->
<testsuite hostname="arunachalam-Satellite-C50-A422" failures="0" tests="3" name="testng_handson.ParallelTestCaseExecution_9" time="14.776" errors="0" timestamp="2022-10-08T20:18:30 IST" skipped="0">
  <testcase classname="testng_handson.ParallelTestCaseExecution_9" name="openGoogle" time="5.776"/>
  <system-out/>
  <testcase classname="testng_handson.ParallelTestCaseExecution_9" name="openBing" time="4.047"/>
  <system-out/>
  <testcase classname="testng_handson.ParallelTestCaseExecution_9" name="openDuckGO" time="4.953"/>
  <system-out/>
</testsuite> <!-- testng_handson.ParallelTestCaseExecution_9 -->
